-------------------------------------------------------------------------------
Test set: org.nure.gas_station.services.OperationServiceTest
-------------------------------------------------------------------------------
Tests run: 1, Failures: 0, Errors: 1, Skipped: 0, Time elapsed: 0 s <<< FAILURE! - in org.nure.gas_station.services.OperationServiceTest
initializationError(org.nure.gas_station.services.OperationServiceTest)  Time elapsed: 0 s  <<< ERROR!
java.lang.Exception: No runnable methods

